{"name":"todoApp","hostname":"UTILISA-LJOD9AV","pid":17112,"level":50,"msg":"Error Test","time":"2023-03-11T10:11:43.509Z","v":0}
{"name":"todoApp","hostname":"UTILISA-LJOD9AV","pid":17112,"level":50,"msg":"managed error","time":"2023-03-11T10:11:43.539Z","v":0}
{"name":"todoApp","hostname":"UTILISA-LJOD9AV","pid":17112,"level":50,"msg":"incorrect email format","time":"2023-03-11T10:11:43.701Z","v":0}
{"name":"todoApp","hostname":"UTILISA-LJOD9AV","pid":17112,"level":50,"msg":"todo not find","time":"2023-03-11T10:11:45.019Z","v":0}
{"name":"todoApp","hostname":"UTILISA-LJOD9AV","pid":17112,"level":50,"msg":"title is mandatory","time":"2023-03-11T10:11:45.068Z","v":0}
{"name":"todoApp","hostname":"UTILISA-LJOD9AV","pid":17112,"level":50,"msg":"status is mandatory","time":"2023-03-11T10:11:45.112Z","v":0}
{"name":"todoApp","hostname":"UTILISA-LJOD9AV","pid":17112,"level":50,"msg":"todo not find","time":"2023-03-11T10:11:46.039Z","v":0}
{"name":"todoApp","hostname":"UTILISA-LJOD9AV","pid":17112,"level":50,"msg":"todo not find","time":"2023-03-11T10:11:47.010Z","v":0}
{"name":"todoApp","hostname":"UTILISA-LJOD9AV","pid":17112,"level":50,"msg":"title is mandatory","time":"2023-03-11T10:11:48.018Z","v":0}
{"name":"todoApp","hostname":"UTILISA-LJOD9AV","pid":17112,"level":50,"msg":"todo not find","time":"2023-03-11T10:11:49.893Z","v":0}
{"name":"todoApp","hostname":"UTILISA-LJOD9AV","pid":17112,"level":50,"msg":"Error Test","time":"2023-03-11T10:12:23.955Z","v":0}
{"name":"todoApp","hostname":"UTILISA-LJOD9AV","pid":17112,"level":50,"msg":"managed error","time":"2023-03-11T10:12:23.979Z","v":0}
{"name":"todoApp","hostname":"UTILISA-LJOD9AV","pid":17112,"level":50,"msg":"incorrect email format","time":"2023-03-11T10:12:24.021Z","v":0}
{"name":"todoApp","hostname":"UTILISA-LJOD9AV","pid":17112,"level":50,"msg":"todo not find","time":"2023-03-11T10:12:24.932Z","v":0}
{"name":"todoApp","hostname":"UTILISA-LJOD9AV","pid":17112,"level":50,"msg":"title is mandatory","time":"2023-03-11T10:12:24.977Z","v":0}
{"name":"todoApp","hostname":"UTILISA-LJOD9AV","pid":17112,"level":50,"msg":"status is mandatory","time":"2023-03-11T10:12:25.021Z","v":0}
{"name":"todoApp","hostname":"UTILISA-LJOD9AV","pid":17112,"level":50,"msg":"title is mandatory","time":"2023-03-11T10:12:26.132Z","v":0}
{"name":"todoApp","hostname":"UTILISA-LJOD9AV","pid":17112,"level":50,"msg":"todo not find","time":"2023-03-11T10:12:27.770Z","v":0}
{"name":"todoApp","hostname":"UTILISA-LJOD9AV","pid":13024,"level":50,"msg":"title is mandatory","time":"2023-03-11T17:30:10.839Z","v":0}
{"name":"todoApp","hostname":"UTILISA-LJOD9AV","pid":13024,"level":50,"msg":"todo not find","time":"2023-03-11T17:30:12.786Z","v":0}
{"name":"todoApp","hostname":"UTILISA-LJOD9AV","pid":13024,"level":50,"msg":"title is mandatory","time":"2023-03-11T17:30:12.849Z","v":0}
{"name":"todoApp","hostname":"UTILISA-LJOD9AV","pid":13024,"level":50,"msg":"status is mandatory","time":"2023-03-11T17:30:12.910Z","v":0}
{"name":"todoApp","hostname":"UTILISA-LJOD9AV","pid":13024,"level":50,"msg":"todo not find","time":"2023-03-11T17:30:14.727Z","v":0}
{"name":"todoApp","hostname":"UTILISA-LJOD9AV","pid":13024,"level":50,"msg":"todo not find","time":"2023-03-11T17:30:15.633Z","v":0}
{"name":"todoApp","hostname":"UTILISA-LJOD9AV","pid":13024,"level":50,"msg":"todo not find","time":"2023-03-11T17:30:16.490Z","v":0}
{"name":"todoApp","hostname":"UTILISA-LJOD9AV","pid":13024,"level":50,"msg":"Error Test","time":"2023-03-11T17:30:17.252Z","v":0}
{"name":"todoApp","hostname":"UTILISA-LJOD9AV","pid":13024,"level":50,"msg":"managed error","time":"2023-03-11T17:30:17.313Z","v":0}
{"name":"todoApp","hostname":"UTILISA-LJOD9AV","pid":13024,"level":50,"msg":"incorrect email format","time":"2023-03-11T17:30:17.351Z","v":0}
{"name":"todoApp","hostname":"UTILISA-LJOD9AV","pid":8624,"level":50,"msg":"title is mandatory","time":"2023-03-11T17:31:41.013Z","v":0}
{"name":"todoApp","hostname":"UTILISA-LJOD9AV","pid":8624,"level":50,"msg":"todo not find","time":"2023-03-11T17:31:42.736Z","v":0}
{"name":"todoApp","hostname":"UTILISA-LJOD9AV","pid":8624,"level":50,"msg":"title is mandatory","time":"2023-03-11T17:31:42.786Z","v":0}
{"name":"todoApp","hostname":"UTILISA-LJOD9AV","pid":8624,"level":50,"msg":"status is mandatory","time":"2023-03-11T17:31:42.835Z","v":0}
{"name":"todoApp","hostname":"UTILISA-LJOD9AV","pid":8624,"level":50,"msg":"todo not find","time":"2023-03-11T17:31:44.573Z","v":0}
{"name":"todoApp","hostname":"UTILISA-LJOD9AV","pid":8624,"level":50,"msg":"todo not find","time":"2023-03-11T17:31:45.365Z","v":0}
{"name":"todoApp","hostname":"UTILISA-LJOD9AV","pid":8624,"level":50,"msg":"Error Test","time":"2023-03-11T17:31:46.736Z","v":0}
{"name":"todoApp","hostname":"UTILISA-LJOD9AV","pid":8624,"level":50,"msg":"managed error","time":"2023-03-11T17:31:46.752Z","v":0}
{"name":"todoApp","hostname":"UTILISA-LJOD9AV","pid":8624,"level":50,"msg":"incorrect email format","time":"2023-03-11T17:31:46.782Z","v":0}
{"name":"todoApp","hostname":"UTILISA-LJOD9AV","pid":8624,"level":50,"msg":"todo not find","time":"2023-03-11T17:31:47.601Z","v":0}
{"name":"todoApp","hostname":"UTILISA-LJOD9AV","pid":8624,"level":50,"msg":"title is mandatory","time":"2023-03-11T17:35:27.769Z","v":0}
{"name":"todoApp","hostname":"UTILISA-LJOD9AV","pid":8624,"level":50,"msg":"todo not find","time":"2023-03-11T17:35:28.771Z","v":0}
{"name":"todoApp","hostname":"UTILISA-LJOD9AV","pid":8624,"level":50,"msg":"title is mandatory","time":"2023-03-11T17:35:28.818Z","v":0}
{"name":"todoApp","hostname":"UTILISA-LJOD9AV","pid":8624,"level":50,"msg":"status is mandatory","time":"2023-03-11T17:35:28.866Z","v":0}
{"name":"todoApp","hostname":"UTILISA-LJOD9AV","pid":8624,"level":50,"msg":"todo not find","time":"2023-03-11T17:35:29.767Z","v":0}
{"name":"todoApp","hostname":"UTILISA-LJOD9AV","pid":8624,"level":50,"msg":"todo not find","time":"2023-03-11T17:35:30.557Z","v":0}
{"name":"todoApp","hostname":"UTILISA-LJOD9AV","pid":8624,"level":50,"msg":"todo not find","time":"2023-03-11T17:35:33.383Z","v":0}
{"name":"todoApp","hostname":"UTILISA-LJOD9AV","pid":8624,"level":50,"msg":"Error Test","time":"2023-03-11T17:35:35.527Z","v":0}
{"name":"todoApp","hostname":"UTILISA-LJOD9AV","pid":8624,"level":50,"msg":"managed error","time":"2023-03-11T17:35:35.542Z","v":0}
{"name":"todoApp","hostname":"UTILISA-LJOD9AV","pid":8624,"level":50,"msg":"incorrect email format","time":"2023-03-11T17:35:35.580Z","v":0}
{"name":"todoApp","hostname":"UTILISA-LJOD9AV","pid":8624,"level":50,"msg":"Error Test","time":"2023-03-11T17:35:46.560Z","v":0}
{"name":"todoApp","hostname":"UTILISA-LJOD9AV","pid":8624,"level":50,"msg":"managed error","time":"2023-03-11T17:35:46.576Z","v":0}
{"name":"todoApp","hostname":"UTILISA-LJOD9AV","pid":8624,"level":50,"msg":"incorrect email format","time":"2023-03-11T17:35:46.622Z","v":0}
{"name":"todoApp","hostname":"UTILISA-LJOD9AV","pid":8624,"level":50,"msg":"todo not find","time":"2023-03-11T17:35:47.529Z","v":0}
{"name":"todoApp","hostname":"UTILISA-LJOD9AV","pid":8624,"level":50,"msg":"title is mandatory","time":"2023-03-11T17:35:47.578Z","v":0}
{"name":"todoApp","hostname":"UTILISA-LJOD9AV","pid":8624,"level":50,"msg":"status is mandatory","time":"2023-03-11T17:35:47.628Z","v":0}
{"name":"todoApp","hostname":"UTILISA-LJOD9AV","pid":8624,"level":50,"msg":"todo not find","time":"2023-03-11T17:35:48.421Z","v":0}
{"name":"todoApp","hostname":"UTILISA-LJOD9AV","pid":8624,"level":50,"msg":"title is mandatory","time":"2023-03-11T17:35:50.488Z","v":0}
{"name":"todoApp","hostname":"UTILISA-LJOD9AV","pid":8624,"level":50,"msg":"todo not find","time":"2023-03-11T17:35:51.450Z","v":0}
{"name":"todoApp","hostname":"UTILISA-LJOD9AV","pid":8624,"level":50,"msg":"todo not find","time":"2023-03-11T17:35:53.905Z","v":0}
{"name":"todoApp","hostname":"UTILISA-LJOD9AV","pid":8624,"level":50,"msg":"Error Test","time":"2023-03-11T17:37:06.926Z","v":0}
{"name":"todoApp","hostname":"UTILISA-LJOD9AV","pid":8624,"level":50,"msg":"managed error","time":"2023-03-11T17:37:06.952Z","v":0}
{"name":"todoApp","hostname":"UTILISA-LJOD9AV","pid":8624,"level":50,"msg":"incorrect email format","time":"2023-03-11T17:37:06.991Z","v":0}
{"name":"todoApp","hostname":"UTILISA-LJOD9AV","pid":8624,"level":50,"msg":"title is mandatory","time":"2023-03-11T17:37:08.248Z","v":0}
{"name":"todoApp","hostname":"UTILISA-LJOD9AV","pid":8624,"level":50,"msg":"todo not find","time":"2023-03-11T17:37:09.229Z","v":0}
{"name":"todoApp","hostname":"UTILISA-LJOD9AV","pid":8624,"level":50,"msg":"title is mandatory","time":"2023-03-11T17:37:09.279Z","v":0}
{"name":"todoApp","hostname":"UTILISA-LJOD9AV","pid":8624,"level":50,"msg":"status is mandatory","time":"2023-03-11T17:37:09.326Z","v":0}
{"name":"todoApp","hostname":"UTILISA-LJOD9AV","pid":8624,"level":50,"msg":"todo not find","time":"2023-03-11T17:37:10.206Z","v":0}
{"name":"todoApp","hostname":"UTILISA-LJOD9AV","pid":8624,"level":50,"msg":"todo not find","time":"2023-03-11T17:37:11.807Z","v":0}
{"name":"todoApp","hostname":"UTILISA-LJOD9AV","pid":8624,"level":50,"msg":"todo not find","time":"2023-03-11T17:37:14.321Z","v":0}
{"name":"todoApp","hostname":"UTILISA-LJOD9AV","pid":8624,"level":50,"msg":"Error Test","time":"2023-03-11T17:40:50.703Z","v":0}
{"name":"todoApp","hostname":"UTILISA-LJOD9AV","pid":8624,"level":50,"msg":"managed error","time":"2023-03-11T17:40:50.748Z","v":0}
{"name":"todoApp","hostname":"UTILISA-LJOD9AV","pid":8624,"level":50,"msg":"incorrect email format","time":"2023-03-11T17:40:50.826Z","v":0}
{"name":"todoApp","hostname":"UTILISA-LJOD9AV","pid":8624,"level":50,"msg":"title is mandatory","time":"2023-03-11T17:40:51.849Z","v":0}
{"name":"todoApp","hostname":"UTILISA-LJOD9AV","pid":8624,"level":50,"msg":"todo not find","time":"2023-03-11T17:40:52.700Z","v":0}
{"name":"todoApp","hostname":"UTILISA-LJOD9AV","pid":8624,"level":50,"msg":"title is mandatory","time":"2023-03-11T17:40:52.748Z","v":0}
{"name":"todoApp","hostname":"UTILISA-LJOD9AV","pid":8624,"level":50,"msg":"status is mandatory","time":"2023-03-11T17:40:52.795Z","v":0}
{"name":"todoApp","hostname":"UTILISA-LJOD9AV","pid":8624,"level":50,"msg":"todo not find","time":"2023-03-11T17:40:54.688Z","v":0}
{"name":"todoApp","hostname":"UTILISA-LJOD9AV","pid":8624,"level":50,"msg":"todo not find","time":"2023-03-11T17:40:56.186Z","v":0}
{"name":"todoApp","hostname":"UTILISA-LJOD9AV","pid":8624,"level":50,"msg":"todo not find","time":"2023-03-11T17:40:57.681Z","v":0}
{"name":"todoApp","hostname":"UTILISA-LJOD9AV","pid":8624,"level":50,"msg":"Error Test","time":"2023-03-11T17:45:12.852Z","v":0}
{"name":"todoApp","hostname":"UTILISA-LJOD9AV","pid":8624,"level":50,"msg":"managed error","time":"2023-03-11T17:45:12.867Z","v":0}
{"name":"todoApp","hostname":"UTILISA-LJOD9AV","pid":8624,"level":50,"msg":"incorrect email format","time":"2023-03-11T17:45:12.902Z","v":0}
{"name":"todoApp","hostname":"UTILISA-LJOD9AV","pid":8624,"level":50,"msg":"todo not find","time":"2023-03-11T17:45:14.758Z","v":0}
{"name":"todoApp","hostname":"UTILISA-LJOD9AV","pid":8624,"level":50,"msg":"todo not find","time":"2023-03-11T17:45:15.727Z","v":0}
{"name":"todoApp","hostname":"UTILISA-LJOD9AV","pid":8624,"level":50,"msg":"todo not find","time":"2023-03-11T17:45:16.526Z","v":0}
{"name":"todoApp","hostname":"UTILISA-LJOD9AV","pid":8624,"level":50,"msg":"title is mandatory","time":"2023-03-11T17:45:16.575Z","v":0}
{"name":"todoApp","hostname":"UTILISA-LJOD9AV","pid":8624,"level":50,"msg":"status is mandatory","time":"2023-03-11T17:45:16.622Z","v":0}
{"name":"todoApp","hostname":"UTILISA-LJOD9AV","pid":8624,"level":50,"msg":"title is mandatory","time":"2023-03-11T17:45:17.700Z","v":0}
{"name":"todoApp","hostname":"UTILISA-LJOD9AV","pid":8624,"level":50,"msg":"todo not find","time":"2023-03-11T17:45:18.534Z","v":0}
{"name":"todoApp","hostname":"UTILISA-LJOD9AV","pid":2992,"level":50,"msg":"Error Test","time":"2023-03-11T17:54:20.164Z","v":0}
{"name":"todoApp","hostname":"UTILISA-LJOD9AV","pid":2992,"level":50,"msg":"managed error","time":"2023-03-11T17:54:20.217Z","v":0}
{"name":"todoApp","hostname":"UTILISA-LJOD9AV","pid":2992,"level":50,"msg":"incorrect email format","time":"2023-03-11T17:54:20.262Z","v":0}
{"name":"todoApp","hostname":"UTILISA-LJOD9AV","pid":2992,"level":50,"msg":"title is mandatory","time":"2023-03-11T17:54:21.141Z","v":0}
{"name":"todoApp","hostname":"UTILISA-LJOD9AV","pid":2992,"level":50,"msg":"todo not find","time":"2023-03-11T17:54:22.922Z","v":0}
{"name":"todoApp","hostname":"UTILISA-LJOD9AV","pid":2992,"level":50,"msg":"title is mandatory","time":"2023-03-11T17:54:22.971Z","v":0}
{"name":"todoApp","hostname":"UTILISA-LJOD9AV","pid":2992,"level":50,"msg":"status is mandatory","time":"2023-03-11T17:54:23.017Z","v":0}
{"name":"todoApp","hostname":"UTILISA-LJOD9AV","pid":2992,"level":50,"msg":"todo not find","time":"2023-03-11T17:54:23.879Z","v":0}
{"name":"todoApp","hostname":"UTILISA-LJOD9AV","pid":2992,"level":50,"msg":"todo not find","time":"2023-03-11T17:54:24.707Z","v":0}
{"name":"todoApp","hostname":"UTILISA-LJOD9AV","pid":2992,"level":50,"msg":"Error Test","time":"2023-03-11T17:55:55.902Z","v":0}
{"name":"todoApp","hostname":"UTILISA-LJOD9AV","pid":2992,"level":50,"msg":"managed error","time":"2023-03-11T17:55:55.965Z","v":0}
{"name":"todoApp","hostname":"UTILISA-LJOD9AV","pid":2992,"level":50,"msg":"incorrect email format","time":"2023-03-11T17:55:56.049Z","v":0}
{"name":"todoApp","hostname":"UTILISA-LJOD9AV","pid":2992,"level":50,"msg":"todo not find","time":"2023-03-11T17:55:57.150Z","v":0}
{"name":"todoApp","hostname":"UTILISA-LJOD9AV","pid":2992,"level":50,"msg":"title is mandatory","time":"2023-03-11T17:55:57.210Z","v":0}
{"name":"todoApp","hostname":"UTILISA-LJOD9AV","pid":2992,"level":50,"msg":"status is mandatory","time":"2023-03-11T17:55:57.271Z","v":0}
{"name":"todoApp","hostname":"UTILISA-LJOD9AV","pid":2992,"level":50,"msg":"title is mandatory","time":"2023-03-11T17:55:58.259Z","v":0}
{"name":"todoApp","hostname":"UTILISA-LJOD9AV","pid":2992,"level":50,"msg":"todo not find","time":"2023-03-11T17:55:59.200Z","v":0}
{"name":"todoApp","hostname":"UTILISA-LJOD9AV","pid":2992,"level":50,"msg":"todo not find","time":"2023-03-11T17:56:00.096Z","v":0}
{"name":"todoApp","hostname":"UTILISA-LJOD9AV","pid":2992,"level":50,"msg":"todo not find","time":"2023-03-11T17:56:06.536Z","v":0}
{"name":"todoApp","hostname":"UTILISA-LJOD9AV","pid":2992,"level":50,"msg":"Error Test","time":"2023-03-11T17:56:51.236Z","v":0}
{"name":"todoApp","hostname":"UTILISA-LJOD9AV","pid":2992,"level":50,"msg":"managed error","time":"2023-03-11T17:56:51.261Z","v":0}
{"name":"todoApp","hostname":"UTILISA-LJOD9AV","pid":2992,"level":50,"msg":"incorrect email format","time":"2023-03-11T17:56:51.342Z","v":0}
{"name":"todoApp","hostname":"UTILISA-LJOD9AV","pid":2992,"level":50,"msg":"todo not find","time":"2023-03-11T17:56:52.403Z","v":0}
{"name":"todoApp","hostname":"UTILISA-LJOD9AV","pid":2992,"level":50,"msg":"title is mandatory","time":"2023-03-11T17:56:52.457Z","v":0}
{"name":"todoApp","hostname":"UTILISA-LJOD9AV","pid":2992,"level":50,"msg":"status is mandatory","time":"2023-03-11T17:56:52.510Z","v":0}
{"name":"todoApp","hostname":"UTILISA-LJOD9AV","pid":2992,"level":50,"msg":"todo not find","time":"2023-03-11T17:56:53.331Z","v":0}
{"name":"todoApp","hostname":"UTILISA-LJOD9AV","pid":2992,"level":50,"msg":"title is mandatory","time":"2023-03-11T17:56:54.238Z","v":0}
{"name":"todoApp","hostname":"UTILISA-LJOD9AV","pid":2992,"level":50,"msg":"todo not find","time":"2023-03-11T17:56:56.093Z","v":0}
{"name":"todoApp","hostname":"UTILISA-LJOD9AV","pid":2992,"level":50,"msg":"todo not find","time":"2023-03-11T17:56:57.057Z","v":0}
{"name":"todoApp","hostname":"UTILISA-LJOD9AV","pid":2992,"level":50,"msg":"Error Test","time":"2023-03-11T17:59:25.366Z","v":0}
{"name":"todoApp","hostname":"UTILISA-LJOD9AV","pid":2992,"level":50,"msg":"managed error","time":"2023-03-11T17:59:25.390Z","v":0}
{"name":"todoApp","hostname":"UTILISA-LJOD9AV","pid":2992,"level":50,"msg":"incorrect email format","time":"2023-03-11T17:59:25.426Z","v":0}
{"name":"todoApp","hostname":"UTILISA-LJOD9AV","pid":2992,"level":50,"msg":"title is mandatory","time":"2023-03-11T17:59:26.436Z","v":0}
{"name":"todoApp","hostname":"UTILISA-LJOD9AV","pid":2992,"level":50,"msg":"todo not find","time":"2023-03-11T17:59:27.302Z","v":0}
{"name":"todoApp","hostname":"UTILISA-LJOD9AV","pid":2992,"level":50,"msg":"title is mandatory","time":"2023-03-11T17:59:27.346Z","v":0}
{"name":"todoApp","hostname":"UTILISA-LJOD9AV","pid":2992,"level":50,"msg":"status is mandatory","time":"2023-03-11T17:59:27.391Z","v":0}
{"name":"todoApp","hostname":"UTILISA-LJOD9AV","pid":2992,"level":50,"msg":"todo not find","time":"2023-03-11T17:59:28.203Z","v":0}
{"name":"todoApp","hostname":"UTILISA-LJOD9AV","pid":2992,"level":50,"msg":"todo not find","time":"2023-03-11T17:59:29.991Z","v":0}
{"name":"todoApp","hostname":"UTILISA-LJOD9AV","pid":2992,"level":50,"msg":"todo not find","time":"2023-03-11T17:59:30.777Z","v":0}
{"name":"todoApp","hostname":"UTILISA-LJOD9AV","pid":17340,"level":50,"msg":"Error Test","time":"2023-03-11T18:03:25.840Z","v":0}
{"name":"todoApp","hostname":"UTILISA-LJOD9AV","pid":17340,"level":50,"msg":"managed error","time":"2023-03-11T18:03:25.892Z","v":0}
{"name":"todoApp","hostname":"UTILISA-LJOD9AV","pid":17340,"level":50,"msg":"incorrect email format","time":"2023-03-11T18:03:25.943Z","v":0}
{"name":"todoApp","hostname":"UTILISA-LJOD9AV","pid":17340,"level":50,"msg":"title is mandatory","time":"2023-03-11T18:03:26.809Z","v":0}
{"name":"todoApp","hostname":"UTILISA-LJOD9AV","pid":17340,"level":50,"msg":"todo not find","time":"2023-03-11T18:03:27.594Z","v":0}
{"name":"todoApp","hostname":"UTILISA-LJOD9AV","pid":17340,"level":50,"msg":"todo not find","time":"2023-03-11T18:03:28.378Z","v":0}
{"name":"todoApp","hostname":"UTILISA-LJOD9AV","pid":17340,"level":50,"msg":"todo not find","time":"2023-03-11T18:03:29.289Z","v":0}
{"name":"todoApp","hostname":"UTILISA-LJOD9AV","pid":17340,"level":50,"msg":"todo not find","time":"2023-03-11T18:03:30.078Z","v":0}
{"name":"todoApp","hostname":"UTILISA-LJOD9AV","pid":17340,"level":50,"msg":"title is mandatory","time":"2023-03-11T18:03:30.127Z","v":0}
{"name":"todoApp","hostname":"UTILISA-LJOD9AV","pid":17340,"level":50,"msg":"status is mandatory","time":"2023-03-11T18:03:30.173Z","v":0}
{"name":"todoApp","hostname":"UTILISA-LJOD9AV","pid":17340,"level":50,"msg":"Error Test","time":"2023-03-11T18:05:32.489Z","v":0}
{"name":"todoApp","hostname":"UTILISA-LJOD9AV","pid":17340,"level":50,"msg":"managed error","time":"2023-03-11T18:05:32.544Z","v":0}
{"name":"todoApp","hostname":"UTILISA-LJOD9AV","pid":17340,"level":50,"msg":"incorrect email format","time":"2023-03-11T18:05:32.623Z","v":0}
{"name":"todoApp","hostname":"UTILISA-LJOD9AV","pid":17340,"level":50,"msg":"todo not find","time":"2023-03-11T18:05:33.732Z","v":0}
{"name":"todoApp","hostname":"UTILISA-LJOD9AV","pid":17340,"level":50,"msg":"todo not find","time":"2023-03-11T18:05:34.536Z","v":0}
{"name":"todoApp","hostname":"UTILISA-LJOD9AV","pid":17340,"level":50,"msg":"title is mandatory","time":"2023-03-11T18:05:34.583Z","v":0}
{"name":"todoApp","hostname":"UTILISA-LJOD9AV","pid":17340,"level":50,"msg":"status is mandatory","time":"2023-03-11T18:05:34.629Z","v":0}
{"name":"todoApp","hostname":"UTILISA-LJOD9AV","pid":17340,"level":50,"msg":"title is mandatory","time":"2023-03-11T18:05:35.480Z","v":0}
{"name":"todoApp","hostname":"UTILISA-LJOD9AV","pid":17340,"level":50,"msg":"todo not find","time":"2023-03-11T18:05:37.022Z","v":0}
{"name":"todoApp","hostname":"UTILISA-LJOD9AV","pid":17340,"level":50,"msg":"todo not find","time":"2023-03-11T18:05:38.621Z","v":0}
{"name":"todoApp","hostname":"UTILISA-LJOD9AV","pid":16440,"level":50,"msg":"Error Test","time":"2023-03-11T18:40:50.637Z","v":0}
{"name":"todoApp","hostname":"UTILISA-LJOD9AV","pid":16440,"level":50,"msg":"managed error","time":"2023-03-11T18:40:50.711Z","v":0}
{"name":"todoApp","hostname":"UTILISA-LJOD9AV","pid":16440,"level":50,"msg":"incorrect email format","time":"2023-03-11T18:40:50.770Z","v":0}
{"name":"todoApp","hostname":"UTILISA-LJOD9AV","pid":16440,"level":50,"msg":"todo not find","time":"2023-03-11T18:40:51.834Z","v":0}
{"name":"todoApp","hostname":"UTILISA-LJOD9AV","pid":16440,"level":50,"msg":"title is mandatory","time":"2023-03-11T18:40:51.887Z","v":0}
{"name":"todoApp","hostname":"UTILISA-LJOD9AV","pid":16440,"level":50,"msg":"status is mandatory","time":"2023-03-11T18:40:51.939Z","v":0}
{"name":"todoApp","hostname":"UTILISA-LJOD9AV","pid":16440,"level":50,"msg":"title is mandatory","time":"2023-03-11T18:40:52.815Z","v":0}
{"name":"todoApp","hostname":"UTILISA-LJOD9AV","pid":16440,"level":50,"msg":"todo not find","time":"2023-03-11T18:40:53.659Z","v":0}
{"name":"todoApp","hostname":"UTILISA-LJOD9AV","pid":16440,"level":50,"msg":"todo not find","time":"2023-03-11T18:40:54.521Z","v":0}
{"name":"todoApp","hostname":"UTILISA-LJOD9AV","pid":16440,"level":50,"msg":"todo not find","time":"2023-03-11T18:40:56.069Z","v":0}
{"name":"todoApp","hostname":"UTILISA-LJOD9AV","pid":16440,"level":50,"msg":"Error Test","time":"2023-03-11T18:41:15.241Z","v":0}
{"name":"todoApp","hostname":"UTILISA-LJOD9AV","pid":16440,"level":50,"msg":"managed error","time":"2023-03-11T18:41:15.264Z","v":0}
{"name":"todoApp","hostname":"UTILISA-LJOD9AV","pid":16440,"level":50,"msg":"incorrect email format","time":"2023-03-11T18:41:15.299Z","v":0}
{"name":"todoApp","hostname":"UTILISA-LJOD9AV","pid":17352,"level":50,"msg":"Error Test","time":"2023-03-11T18:44:41.195Z","v":0}
{"name":"todoApp","hostname":"UTILISA-LJOD9AV","pid":17352,"level":50,"msg":"managed error","time":"2023-03-11T18:44:41.212Z","v":0}
{"name":"todoApp","hostname":"UTILISA-LJOD9AV","pid":17352,"level":50,"msg":"incorrect email format","time":"2023-03-11T18:44:41.254Z","v":0}
{"name":"todoApp","hostname":"UTILISA-LJOD9AV","pid":17352,"level":50,"msg":"todo not find","time":"2023-03-11T18:44:42.308Z","v":0}
{"name":"todoApp","hostname":"UTILISA-LJOD9AV","pid":17352,"level":50,"msg":"title is mandatory","time":"2023-03-11T18:44:42.357Z","v":0}
{"name":"todoApp","hostname":"UTILISA-LJOD9AV","pid":17352,"level":50,"msg":"status is mandatory","time":"2023-03-11T18:44:42.403Z","v":0}
{"name":"todoApp","hostname":"UTILISA-LJOD9AV","pid":17352,"level":50,"msg":"title is mandatory","time":"2023-03-11T18:44:43.438Z","v":0}
{"name":"todoApp","hostname":"UTILISA-LJOD9AV","pid":17352,"level":50,"msg":"todo not find","time":"2023-03-11T18:44:44.384Z","v":0}
{"name":"todoApp","hostname":"UTILISA-LJOD9AV","pid":17352,"level":50,"msg":"todo not find","time":"2023-03-11T18:44:46.170Z","v":0}
{"name":"todoApp","hostname":"UTILISA-LJOD9AV","pid":17352,"level":50,"msg":"todo not find","time":"2023-03-11T18:44:47.004Z","v":0}
{"name":"todoApp","hostname":"UTILISA-LJOD9AV","pid":18176,"level":50,"msg":"title is mandatory","time":"2023-03-11T19:02:14.336Z","v":0}
{"name":"todoApp","hostname":"UTILISA-LJOD9AV","pid":18176,"level":50,"msg":"todo not find","time":"2023-03-11T19:02:15.457Z","v":0}
{"name":"todoApp","hostname":"UTILISA-LJOD9AV","pid":18176,"level":50,"msg":"title is mandatory","time":"2023-03-11T19:02:15.506Z","v":0}
{"name":"todoApp","hostname":"UTILISA-LJOD9AV","pid":18176,"level":50,"msg":"status is mandatory","time":"2023-03-11T19:02:15.550Z","v":0}
{"name":"todoApp","hostname":"UTILISA-LJOD9AV","pid":18176,"level":50,"msg":"todo not find","time":"2023-03-11T19:02:17.892Z","v":0}
{"name":"todoApp","hostname":"UTILISA-LJOD9AV","pid":18176,"level":50,"msg":"todo not find","time":"2023-03-11T19:02:18.644Z","v":0}
{"name":"todoApp","hostname":"UTILISA-LJOD9AV","pid":18176,"level":50,"msg":"todo not find","time":"2023-03-11T19:02:20.239Z","v":0}
{"name":"todoApp","hostname":"UTILISA-LJOD9AV","pid":2552,"level":50,"msg":"title is mandatory","time":"2023-03-11T19:04:56.646Z","v":0}
{"name":"todoApp","hostname":"UTILISA-LJOD9AV","pid":2552,"level":50,"msg":"todo not find","time":"2023-03-11T19:04:57.704Z","v":0}
{"name":"todoApp","hostname":"UTILISA-LJOD9AV","pid":2552,"level":50,"msg":"title is mandatory","time":"2023-03-11T19:04:57.749Z","v":0}
{"name":"todoApp","hostname":"UTILISA-LJOD9AV","pid":2552,"level":50,"msg":"status is mandatory","time":"2023-03-11T19:04:57.794Z","v":0}
{"name":"todoApp","hostname":"UTILISA-LJOD9AV","pid":2552,"level":50,"msg":"todo not find","time":"2023-03-11T19:04:58.749Z","v":0}
{"name":"todoApp","hostname":"UTILISA-LJOD9AV","pid":2552,"level":50,"msg":"todo not find","time":"2023-03-11T19:04:59.721Z","v":0}
{"name":"todoApp","hostname":"UTILISA-LJOD9AV","pid":2552,"level":50,"msg":"todo not find","time":"2023-03-11T19:05:00.616Z","v":0}
{"name":"todoApp","hostname":"UTILISA-LJOD9AV","pid":2552,"level":50,"msg":"Error Test","time":"2023-03-11T19:05:08.037Z","v":0}
{"name":"todoApp","hostname":"UTILISA-LJOD9AV","pid":2552,"level":50,"msg":"managed error","time":"2023-03-11T19:05:08.052Z","v":0}
{"name":"todoApp","hostname":"UTILISA-LJOD9AV","pid":2552,"level":50,"msg":"incorrect email format","time":"2023-03-11T19:05:08.080Z","v":0}
{"name":"todoApp","hostname":"UTILISA-LJOD9AV","pid":14464,"level":50,"msg":"title is mandatory","time":"2023-03-11T19:24:45.471Z","v":0}
{"name":"todoApp","hostname":"UTILISA-LJOD9AV","pid":14464,"level":50,"msg":"todo not find","time":"2023-03-11T19:24:46.555Z","v":0}
{"name":"todoApp","hostname":"UTILISA-LJOD9AV","pid":14464,"level":50,"msg":"title is mandatory","time":"2023-03-11T19:24:46.601Z","v":0}
{"name":"todoApp","hostname":"UTILISA-LJOD9AV","pid":14464,"level":50,"msg":"status is mandatory","time":"2023-03-11T19:24:46.651Z","v":0}
{"name":"todoApp","hostname":"UTILISA-LJOD9AV","pid":14464,"level":50,"msg":"Error Test","time":"2023-03-11T19:24:47.488Z","v":0}
{"name":"todoApp","hostname":"UTILISA-LJOD9AV","pid":14464,"level":50,"msg":"managed error","time":"2023-03-11T19:24:47.508Z","v":0}
{"name":"todoApp","hostname":"UTILISA-LJOD9AV","pid":14464,"level":50,"msg":"incorrect email format","time":"2023-03-11T19:24:47.545Z","v":0}
{"name":"todoApp","hostname":"UTILISA-LJOD9AV","pid":14464,"level":50,"msg":"todo not find","time":"2023-03-11T19:24:48.518Z","v":0}
{"name":"todoApp","hostname":"UTILISA-LJOD9AV","pid":14464,"level":50,"msg":"todo not find","time":"2023-03-11T19:24:49.361Z","v":0}
{"name":"todoApp","hostname":"UTILISA-LJOD9AV","pid":14464,"level":50,"msg":"todo not find","time":"2023-03-11T19:24:50.187Z","v":0}
{"name":"todoApp","hostname":"UTILISA-LJOD9AV","pid":15824,"level":50,"msg":"title is mandatory","time":"2023-03-11T20:53:55.184Z","v":0}
{"name":"todoApp","hostname":"UTILISA-LJOD9AV","pid":15824,"level":50,"msg":"todo not find","time":"2023-03-11T20:53:56.198Z","v":0}
{"name":"todoApp","hostname":"UTILISA-LJOD9AV","pid":15824,"level":50,"msg":"title is mandatory","time":"2023-03-11T20:53:56.243Z","v":0}
{"name":"todoApp","hostname":"UTILISA-LJOD9AV","pid":15824,"level":50,"msg":"status is mandatory","time":"2023-03-11T20:53:56.291Z","v":0}
{"name":"todoApp","hostname":"UTILISA-LJOD9AV","pid":15824,"level":50,"msg":"todo not find","time":"2023-03-11T20:53:57.126Z","v":0}
{"name":"todoApp","hostname":"UTILISA-LJOD9AV","pid":15824,"level":50,"msg":"Error Test","time":"2023-03-11T20:53:57.850Z","v":0}
{"name":"todoApp","hostname":"UTILISA-LJOD9AV","pid":15824,"level":50,"msg":"managed error","time":"2023-03-11T20:53:57.864Z","v":0}
{"name":"todoApp","hostname":"UTILISA-LJOD9AV","pid":15824,"level":50,"msg":"incorrect email format","time":"2023-03-11T20:53:57.890Z","v":0}
{"name":"todoApp","hostname":"UTILISA-LJOD9AV","pid":15824,"level":50,"msg":"todo not find","time":"2023-03-11T20:53:58.669Z","v":0}
{"name":"todoApp","hostname":"UTILISA-LJOD9AV","pid":15824,"level":50,"msg":"todo not find","time":"2023-03-11T20:54:01.005Z","v":0}
{"name":"todoApp","hostname":"UTILISA-LJOD9AV","pid":15824,"level":50,"msg":"title is mandatory","time":"2023-03-11T20:54:18.555Z","v":0}
{"name":"todoApp","hostname":"UTILISA-LJOD9AV","pid":15824,"level":50,"msg":"todo not find","time":"2023-03-11T20:54:21.030Z","v":0}
{"name":"todoApp","hostname":"UTILISA-LJOD9AV","pid":15824,"level":50,"msg":"title is mandatory","time":"2023-03-11T20:54:21.123Z","v":0}
{"name":"todoApp","hostname":"UTILISA-LJOD9AV","pid":15824,"level":50,"msg":"status is mandatory","time":"2023-03-11T20:54:21.219Z","v":0}
{"name":"todoApp","hostname":"UTILISA-LJOD9AV","pid":15824,"level":50,"msg":"todo not find","time":"2023-03-11T20:54:23.472Z","v":0}
{"name":"todoApp","hostname":"UTILISA-LJOD9AV","pid":15824,"level":50,"msg":"todo not find","time":"2023-03-11T20:54:24.759Z","v":0}
{"name":"todoApp","hostname":"UTILISA-LJOD9AV","pid":15824,"level":50,"msg":"todo not find","time":"2023-03-11T20:54:26.083Z","v":0}
{"name":"todoApp","hostname":"UTILISA-LJOD9AV","pid":15824,"level":50,"msg":"Error Test","time":"2023-03-11T20:54:26.855Z","v":0}
{"name":"todoApp","hostname":"UTILISA-LJOD9AV","pid":15824,"level":50,"msg":"managed error","time":"2023-03-11T20:54:26.872Z","v":0}
{"name":"todoApp","hostname":"UTILISA-LJOD9AV","pid":15824,"level":50,"msg":"incorrect email format","time":"2023-03-11T20:54:26.910Z","v":0}
{"name":"todoApp","hostname":"UTILISA-LJOD9AV","pid":14672,"level":50,"msg":"Error Test","time":"2023-03-11T21:58:25.915Z","v":0}
{"name":"todoApp","hostname":"UTILISA-LJOD9AV","pid":14672,"level":50,"msg":"managed error","time":"2023-03-11T21:58:25.942Z","v":0}
{"name":"todoApp","hostname":"UTILISA-LJOD9AV","pid":14672,"level":50,"msg":"incorrect email format","time":"2023-03-11T21:58:26.025Z","v":0}
{"name":"todoApp","hostname":"UTILISA-LJOD9AV","pid":14672,"level":50,"msg":"todo not find","time":"2023-03-11T21:58:26.985Z","v":0}
{"name":"todoApp","hostname":"UTILISA-LJOD9AV","pid":14672,"level":50,"msg":"title is mandatory","time":"2023-03-11T21:58:27.038Z","v":0}
{"name":"todoApp","hostname":"UTILISA-LJOD9AV","pid":14672,"level":50,"msg":"status is mandatory","time":"2023-03-11T21:58:27.084Z","v":0}
{"name":"todoApp","hostname":"UTILISA-LJOD9AV","pid":14672,"level":50,"msg":"title is mandatory","time":"2023-03-11T21:58:28.056Z","v":0}
{"name":"todoApp","hostname":"UTILISA-LJOD9AV","pid":14672,"level":50,"msg":"todo not find","time":"2023-03-11T21:58:28.953Z","v":0}
{"name":"todoApp","hostname":"UTILISA-LJOD9AV","pid":14672,"level":50,"msg":"todo not find","time":"2023-03-11T21:58:31.342Z","v":0}
{"name":"todoApp","hostname":"UTILISA-LJOD9AV","pid":14672,"level":50,"msg":"todo not find","time":"2023-03-11T21:58:32.100Z","v":0}
{"name":"todoApp","hostname":"UTILISA-LJOD9AV","pid":13180,"level":50,"msg":"Error Test","time":"2023-03-11T21:58:57.093Z","v":0}
{"name":"todoApp","hostname":"UTILISA-LJOD9AV","pid":13180,"level":50,"msg":"managed error","time":"2023-03-11T21:58:57.110Z","v":0}
{"name":"todoApp","hostname":"UTILISA-LJOD9AV","pid":13180,"level":50,"msg":"incorrect email format","time":"2023-03-11T21:58:57.152Z","v":0}
{"name":"todoApp","hostname":"UTILISA-LJOD9AV","pid":13180,"level":50,"msg":"title is mandatory","time":"2023-03-11T21:58:58.228Z","v":0}
{"name":"todoApp","hostname":"UTILISA-LJOD9AV","pid":13180,"level":50,"msg":"todo not find","time":"2023-03-11T21:58:59.318Z","v":0}
{"name":"todoApp","hostname":"UTILISA-LJOD9AV","pid":13180,"level":50,"msg":"title is mandatory","time":"2023-03-11T21:58:59.366Z","v":0}
{"name":"todoApp","hostname":"UTILISA-LJOD9AV","pid":13180,"level":50,"msg":"status is mandatory","time":"2023-03-11T21:58:59.417Z","v":0}
{"name":"todoApp","hostname":"UTILISA-LJOD9AV","pid":13180,"level":50,"msg":"todo not find","time":"2023-03-11T21:59:00.305Z","v":0}
{"name":"todoApp","hostname":"UTILISA-LJOD9AV","pid":13180,"level":50,"msg":"todo not find","time":"2023-03-11T21:59:01.251Z","v":0}
{"name":"todoApp","hostname":"UTILISA-LJOD9AV","pid":13180,"level":50,"msg":"todo not find","time":"2023-03-11T21:59:04.532Z","v":0}
{"name":"todoApp","hostname":"UTILISA-LJOD9AV","pid":18228,"level":50,"msg":"todo not find","time":"2023-03-11T22:30:35.560Z","v":0}
{"name":"todoApp","hostname":"UTILISA-LJOD9AV","pid":18228,"level":50,"msg":"title is mandatory","time":"2023-03-11T22:30:35.610Z","v":0}
{"name":"todoApp","hostname":"UTILISA-LJOD9AV","pid":18228,"level":50,"msg":"status is mandatory","time":"2023-03-11T22:30:35.654Z","v":0}
{"name":"todoApp","hostname":"UTILISA-LJOD9AV","pid":18228,"level":50,"msg":"title is mandatory","time":"2023-03-11T22:30:36.555Z","v":0}
{"name":"todoApp","hostname":"UTILISA-LJOD9AV","pid":18228,"level":50,"msg":"Error Test","time":"2023-03-11T22:30:37.378Z","v":0}
{"name":"todoApp","hostname":"UTILISA-LJOD9AV","pid":18228,"level":50,"msg":"managed error","time":"2023-03-11T22:30:37.400Z","v":0}
{"name":"todoApp","hostname":"UTILISA-LJOD9AV","pid":18228,"level":50,"msg":"incorrect email format","time":"2023-03-11T22:30:37.447Z","v":0}
{"name":"todoApp","hostname":"UTILISA-LJOD9AV","pid":18228,"level":50,"msg":"todo not find","time":"2023-03-11T22:30:39.063Z","v":0}
{"name":"todoApp","hostname":"UTILISA-LJOD9AV","pid":18228,"level":50,"msg":"todo not find","time":"2023-03-11T22:30:39.961Z","v":0}
{"name":"todoApp","hostname":"UTILISA-LJOD9AV","pid":18228,"level":50,"msg":"todo not find","time":"2023-03-11T22:30:40.745Z","v":0}
{"name":"todoApp","hostname":"UTILISA-LJOD9AV","pid":7628,"level":50,"msg":"title is mandatory","time":"2023-03-14T17:42:23.658Z","v":0}
{"name":"todoApp","hostname":"UTILISA-LJOD9AV","pid":7628,"level":50,"msg":"title is mandatory","time":"2023-03-14T17:42:39.572Z","v":0}
{"name":"todoApp","hostname":"UTILISA-LJOD9AV","pid":10900,"level":50,"msg":"todo not find","time":"2023-03-14T19:14:12.235Z","v":0}
{"name":"todoApp","hostname":"UTILISA-LJOD9AV","pid":10900,"level":50,"msg":"title is mandatory","time":"2023-03-14T19:14:12.286Z","v":0}
{"name":"todoApp","hostname":"UTILISA-LJOD9AV","pid":10900,"level":50,"msg":"status is mandatory","time":"2023-03-14T19:14:12.335Z","v":0}
{"name":"todoApp","hostname":"UTILISA-LJOD9AV","pid":10900,"level":50,"msg":"title is mandatory","time":"2023-03-14T19:14:13.396Z","v":0}
{"name":"todoApp","hostname":"UTILISA-LJOD9AV","pid":10900,"level":50,"msg":"Error Test","time":"2023-03-14T19:14:14.796Z","v":0}
{"name":"todoApp","hostname":"UTILISA-LJOD9AV","pid":10900,"level":50,"msg":"managed error","time":"2023-03-14T19:14:14.831Z","v":0}
{"name":"todoApp","hostname":"UTILISA-LJOD9AV","pid":10900,"level":50,"msg":"incorrect email format","time":"2023-03-14T19:14:14.871Z","v":0}
{"name":"todoApp","hostname":"UTILISA-LJOD9AV","pid":10900,"level":50,"msg":"todo not find","time":"2023-03-14T19:14:16.105Z","v":0}
{"name":"todoApp","hostname":"UTILISA-LJOD9AV","pid":10900,"level":50,"msg":"todo not find","time":"2023-03-14T19:14:20.673Z","v":0}
{"name":"todoApp","hostname":"UTILISA-LJOD9AV","pid":10900,"level":50,"msg":"todo not find","time":"2023-03-14T19:14:21.631Z","v":0}
{"name":"todoApp","hostname":"UTILISA-LJOD9AV","pid":10900,"level":50,"msg":"todo not find","time":"2023-03-14T19:15:33.656Z","v":0}
{"name":"todoApp","hostname":"UTILISA-LJOD9AV","pid":10900,"level":50,"msg":"title is mandatory","time":"2023-03-14T19:15:33.707Z","v":0}
{"name":"todoApp","hostname":"UTILISA-LJOD9AV","pid":10900,"level":50,"msg":"status is mandatory","time":"2023-03-14T19:15:33.754Z","v":0}
{"name":"todoApp","hostname":"UTILISA-LJOD9AV","pid":10900,"level":50,"msg":"Error Test","time":"2023-03-14T19:15:34.559Z","v":0}
{"name":"todoApp","hostname":"UTILISA-LJOD9AV","pid":10900,"level":50,"msg":"managed error","time":"2023-03-14T19:15:34.584Z","v":0}
{"name":"todoApp","hostname":"UTILISA-LJOD9AV","pid":10900,"level":50,"msg":"incorrect email format","time":"2023-03-14T19:15:34.648Z","v":0}
{"name":"todoApp","hostname":"UTILISA-LJOD9AV","pid":10900,"level":50,"msg":"todo not find","time":"2023-03-14T19:15:35.832Z","v":0}
{"name":"todoApp","hostname":"UTILISA-LJOD9AV","pid":10900,"level":50,"msg":"title is mandatory","time":"2023-03-14T19:15:36.732Z","v":0}
{"name":"todoApp","hostname":"UTILISA-LJOD9AV","pid":10900,"level":50,"msg":"todo not find","time":"2023-03-14T19:15:39.219Z","v":0}
{"name":"todoApp","hostname":"UTILISA-LJOD9AV","pid":10900,"level":50,"msg":"todo not find","time":"2023-03-14T19:15:43.518Z","v":0}
{"name":"todoApp","hostname":"UTILISA-LJOD9AV","pid":10900,"level":50,"msg":"Error Test","time":"2023-03-14T19:21:03.125Z","v":0}
{"name":"todoApp","hostname":"UTILISA-LJOD9AV","pid":10900,"level":50,"msg":"managed error","time":"2023-03-14T19:21:03.176Z","v":0}
{"name":"todoApp","hostname":"UTILISA-LJOD9AV","pid":10900,"level":50,"msg":"incorrect email format","time":"2023-03-14T19:21:03.253Z","v":0}
{"name":"todoApp","hostname":"UTILISA-LJOD9AV","pid":10900,"level":50,"msg":"todo not find","time":"2023-03-14T19:21:04.135Z","v":0}
{"name":"todoApp","hostname":"UTILISA-LJOD9AV","pid":10900,"level":50,"msg":"title is mandatory","time":"2023-03-14T19:21:04.183Z","v":0}
{"name":"todoApp","hostname":"UTILISA-LJOD9AV","pid":10900,"level":50,"msg":"status is mandatory","time":"2023-03-14T19:21:04.229Z","v":0}
{"name":"todoApp","hostname":"UTILISA-LJOD9AV","pid":10900,"level":50,"msg":"todo not find","time":"2023-03-14T19:21:05.047Z","v":0}
{"name":"todoApp","hostname":"UTILISA-LJOD9AV","pid":10900,"level":50,"msg":"todo not find","time":"2023-03-14T19:21:05.819Z","v":0}
{"name":"todoApp","hostname":"UTILISA-LJOD9AV","pid":10900,"level":50,"msg":"title is mandatory","time":"2023-03-14T19:21:07.537Z","v":0}
{"name":"todoApp","hostname":"UTILISA-LJOD9AV","pid":10900,"level":50,"msg":"todo not find","time":"2023-03-14T19:21:08.389Z","v":0}
{"name":"todoApp","hostname":"UTILISA-LJOD9AV","pid":10900,"level":50,"msg":"Error Test","time":"2023-03-14T20:49:53.332Z","v":0}
{"name":"todoApp","hostname":"UTILISA-LJOD9AV","pid":10900,"level":50,"msg":"managed error","time":"2023-03-14T20:49:53.361Z","v":0}
{"name":"todoApp","hostname":"UTILISA-LJOD9AV","pid":10900,"level":50,"msg":"incorrect email format","time":"2023-03-14T20:49:53.403Z","v":0}
{"name":"todoApp","hostname":"UTILISA-LJOD9AV","pid":10900,"level":50,"msg":"title is mandatory","time":"2023-03-14T20:49:54.362Z","v":0}
{"name":"todoApp","hostname":"UTILISA-LJOD9AV","pid":10900,"level":50,"msg":"todo not find","time":"2023-03-14T20:49:55.285Z","v":0}
{"name":"todoApp","hostname":"UTILISA-LJOD9AV","pid":10900,"level":50,"msg":"title is mandatory","time":"2023-03-14T20:49:55.335Z","v":0}
{"name":"todoApp","hostname":"UTILISA-LJOD9AV","pid":10900,"level":50,"msg":"status is mandatory","time":"2023-03-14T20:49:55.384Z","v":0}
{"name":"todoApp","hostname":"UTILISA-LJOD9AV","pid":10900,"level":50,"msg":"todo not find","time":"2023-03-14T20:49:56.230Z","v":0}
{"name":"todoApp","hostname":"UTILISA-LJOD9AV","pid":10900,"level":50,"msg":"todo not find","time":"2023-03-14T20:49:57.125Z","v":0}
{"name":"todoApp","hostname":"UTILISA-LJOD9AV","pid":10900,"level":50,"msg":"todo not find","time":"2023-03-14T20:49:58.633Z","v":0}
{"name":"todoApp","hostname":"UTILISA-LJOD9AV","pid":16204,"level":50,"msg":"todo not find","time":"2023-03-14T21:43:12.136Z","v":0}
{"name":"todoApp","hostname":"UTILISA-LJOD9AV","pid":16204,"level":50,"msg":"title is mandatory","time":"2023-03-14T21:43:12.186Z","v":0}
{"name":"todoApp","hostname":"UTILISA-LJOD9AV","pid":16204,"level":50,"msg":"status is mandatory","time":"2023-03-14T21:43:12.231Z","v":0}
{"name":"todoApp","hostname":"UTILISA-LJOD9AV","pid":16204,"level":50,"msg":"todo not find","time":"2023-03-14T21:43:13.122Z","v":0}
{"name":"todoApp","hostname":"UTILISA-LJOD9AV","pid":16204,"level":50,"msg":"Error Test","time":"2023-03-14T21:43:13.810Z","v":0}
{"name":"todoApp","hostname":"UTILISA-LJOD9AV","pid":16204,"level":50,"msg":"managed error","time":"2023-03-14T21:43:13.830Z","v":0}
{"name":"todoApp","hostname":"UTILISA-LJOD9AV","pid":16204,"level":50,"msg":"incorrect email format","time":"2023-03-14T21:43:13.870Z","v":0}
{"name":"todoApp","hostname":"UTILISA-LJOD9AV","pid":16204,"level":50,"msg":"todo not find","time":"2023-03-14T21:43:14.739Z","v":0}
{"name":"todoApp","hostname":"UTILISA-LJOD9AV","pid":16204,"level":50,"msg":"todo not find","time":"2023-03-14T21:43:16.258Z","v":0}
{"name":"todoApp","hostname":"UTILISA-LJOD9AV","pid":16204,"level":50,"msg":"title is mandatory","time":"2023-03-14T21:43:17.829Z","v":0}
{"name":"todoApp","hostname":"UTILISA-LJOD9AV","pid":16204,"level":50,"msg":"todo not find","time":"2023-03-14T21:44:07.695Z","v":0}
{"name":"todoApp","hostname":"UTILISA-LJOD9AV","pid":16204,"level":50,"msg":"title is mandatory","time":"2023-03-14T21:44:07.746Z","v":0}
{"name":"todoApp","hostname":"UTILISA-LJOD9AV","pid":16204,"level":50,"msg":"status is mandatory","time":"2023-03-14T21:44:07.819Z","v":0}
{"name":"todoApp","hostname":"UTILISA-LJOD9AV","pid":16204,"level":50,"msg":"todo not find","time":"2023-03-14T21:44:08.903Z","v":0}
{"name":"todoApp","hostname":"UTILISA-LJOD9AV","pid":16204,"level":50,"msg":"title is mandatory","time":"2023-03-14T21:44:09.920Z","v":0}
{"name":"todoApp","hostname":"UTILISA-LJOD9AV","pid":16204,"level":50,"msg":"todo not find","time":"2023-03-14T21:44:10.741Z","v":0}
{"name":"todoApp","hostname":"UTILISA-LJOD9AV","pid":16204,"level":50,"msg":"todo not find","time":"2023-03-14T21:44:13.175Z","v":0}
{"name":"todoApp","hostname":"UTILISA-LJOD9AV","pid":16204,"level":50,"msg":"Error Test","time":"2023-03-14T21:44:13.930Z","v":0}
{"name":"todoApp","hostname":"UTILISA-LJOD9AV","pid":16204,"level":50,"msg":"managed error","time":"2023-03-14T21:44:13.947Z","v":0}
{"name":"todoApp","hostname":"UTILISA-LJOD9AV","pid":16204,"level":50,"msg":"incorrect email format","time":"2023-03-14T21:44:13.982Z","v":0}
{"name":"todoApp","hostname":"UTILISA-LJOD9AV","pid":16204,"level":50,"msg":"Error Test","time":"2023-03-14T21:45:02.282Z","v":0}
{"name":"todoApp","hostname":"UTILISA-LJOD9AV","pid":16204,"level":50,"msg":"managed error","time":"2023-03-14T21:45:02.350Z","v":0}
{"name":"todoApp","hostname":"UTILISA-LJOD9AV","pid":16204,"level":50,"msg":"incorrect email format","time":"2023-03-14T21:45:02.448Z","v":0}
{"name":"todoApp","hostname":"UTILISA-LJOD9AV","pid":16204,"level":50,"msg":"todo not find","time":"2023-03-14T21:45:04.471Z","v":0}
{"name":"todoApp","hostname":"UTILISA-LJOD9AV","pid":16204,"level":50,"msg":"title is mandatory","time":"2023-03-14T21:45:04.524Z","v":0}
{"name":"todoApp","hostname":"UTILISA-LJOD9AV","pid":16204,"level":50,"msg":"status is mandatory","time":"2023-03-14T21:45:04.578Z","v":0}
{"name":"todoApp","hostname":"UTILISA-LJOD9AV","pid":16204,"level":50,"msg":"todo not find","time":"2023-03-14T21:45:05.514Z","v":0}
{"name":"todoApp","hostname":"UTILISA-LJOD9AV","pid":16204,"level":50,"msg":"title is mandatory","time":"2023-03-14T21:45:06.411Z","v":0}
{"name":"todoApp","hostname":"UTILISA-LJOD9AV","pid":16204,"level":50,"msg":"todo not find","time":"2023-03-14T21:45:07.580Z","v":0}
{"name":"todoApp","hostname":"UTILISA-LJOD9AV","pid":16204,"level":50,"msg":"todo not find","time":"2023-03-14T21:45:09.334Z","v":0}
{"name":"todoApp","hostname":"UTILISA-LJOD9AV","pid":16204,"level":50,"msg":"Error Test","time":"2023-03-14T21:48:05.384Z","v":0}
{"name":"todoApp","hostname":"UTILISA-LJOD9AV","pid":16204,"level":50,"msg":"managed error","time":"2023-03-14T21:48:05.415Z","v":0}
{"name":"todoApp","hostname":"UTILISA-LJOD9AV","pid":16204,"level":50,"msg":"incorrect email format","time":"2023-03-14T21:48:05.490Z","v":0}
{"name":"todoApp","hostname":"UTILISA-LJOD9AV","pid":16204,"level":50,"msg":"todo not find","time":"2023-03-14T21:48:06.329Z","v":0}
{"name":"todoApp","hostname":"UTILISA-LJOD9AV","pid":16204,"level":50,"msg":"todo not find","time":"2023-03-14T21:48:07.113Z","v":0}
{"name":"todoApp","hostname":"UTILISA-LJOD9AV","pid":16204,"level":50,"msg":"title is mandatory","time":"2023-03-14T21:48:07.185Z","v":0}
{"name":"todoApp","hostname":"UTILISA-LJOD9AV","pid":16204,"level":50,"msg":"status is mandatory","time":"2023-03-14T21:48:07.233Z","v":0}
{"name":"todoApp","hostname":"UTILISA-LJOD9AV","pid":16204,"level":50,"msg":"todo not find","time":"2023-03-14T21:48:08.737Z","v":0}
{"name":"todoApp","hostname":"UTILISA-LJOD9AV","pid":16204,"level":50,"msg":"title is mandatory","time":"2023-03-14T21:48:09.507Z","v":0}
{"name":"todoApp","hostname":"UTILISA-LJOD9AV","pid":16204,"level":50,"msg":"todo not find","time":"2023-03-14T21:48:13.128Z","v":0}
{"name":"todoApp","hostname":"UTILISA-LJOD9AV","pid":16204,"level":50,"msg":"Error Test","time":"2023-03-14T21:49:02.964Z","v":0}
{"name":"todoApp","hostname":"UTILISA-LJOD9AV","pid":16204,"level":50,"msg":"managed error","time":"2023-03-14T21:49:02.980Z","v":0}
{"name":"todoApp","hostname":"UTILISA-LJOD9AV","pid":16204,"level":50,"msg":"incorrect email format","time":"2023-03-14T21:49:03.026Z","v":0}
{"name":"todoApp","hostname":"UTILISA-LJOD9AV","pid":16204,"level":50,"msg":"todo not find","time":"2023-03-14T21:49:04.747Z","v":0}
{"name":"todoApp","hostname":"UTILISA-LJOD9AV","pid":16204,"level":50,"msg":"title is mandatory","time":"2023-03-14T21:49:04.787Z","v":0}
{"name":"todoApp","hostname":"UTILISA-LJOD9AV","pid":16204,"level":50,"msg":"status is mandatory","time":"2023-03-14T21:49:04.832Z","v":0}
{"name":"todoApp","hostname":"UTILISA-LJOD9AV","pid":16204,"level":50,"msg":"title is mandatory","time":"2023-03-14T21:49:05.623Z","v":0}
{"name":"todoApp","hostname":"UTILISA-LJOD9AV","pid":16204,"level":50,"msg":"todo not find","time":"2023-03-14T21:49:06.458Z","v":0}
{"name":"todoApp","hostname":"UTILISA-LJOD9AV","pid":16204,"level":50,"msg":"todo not find","time":"2023-03-14T21:49:07.155Z","v":0}
{"name":"todoApp","hostname":"UTILISA-LJOD9AV","pid":16204,"level":50,"msg":"todo not find","time":"2023-03-14T21:49:08.630Z","v":0}
{"name":"todoApp","hostname":"UTILISA-LJOD9AV","pid":16204,"level":50,"msg":"Error Test","time":"2023-03-14T21:50:01.217Z","v":0}
{"name":"todoApp","hostname":"UTILISA-LJOD9AV","pid":16204,"level":50,"msg":"managed error","time":"2023-03-14T21:50:01.234Z","v":0}
{"name":"todoApp","hostname":"UTILISA-LJOD9AV","pid":16204,"level":50,"msg":"incorrect email format","time":"2023-03-14T21:50:01.266Z","v":0}
{"name":"todoApp","hostname":"UTILISA-LJOD9AV","pid":16204,"level":50,"msg":"todo not find","time":"2023-03-14T21:50:03.577Z","v":0}
{"name":"todoApp","hostname":"UTILISA-LJOD9AV","pid":16204,"level":50,"msg":"title is mandatory","time":"2023-03-14T21:50:03.621Z","v":0}
{"name":"todoApp","hostname":"UTILISA-LJOD9AV","pid":16204,"level":50,"msg":"status is mandatory","time":"2023-03-14T21:50:03.650Z","v":0}
{"name":"todoApp","hostname":"UTILISA-LJOD9AV","pid":16204,"level":50,"msg":"title is mandatory","time":"2023-03-14T21:50:04.439Z","v":0}
{"name":"todoApp","hostname":"UTILISA-LJOD9AV","pid":16204,"level":50,"msg":"todo not find","time":"2023-03-14T21:50:05.278Z","v":0}
{"name":"todoApp","hostname":"UTILISA-LJOD9AV","pid":16204,"level":50,"msg":"todo not find","time":"2023-03-14T21:50:07.582Z","v":0}
{"name":"todoApp","hostname":"UTILISA-LJOD9AV","pid":16204,"level":50,"msg":"todo not find","time":"2023-03-14T21:50:08.381Z","v":0}
{"name":"todoApp","hostname":"UTILISA-LJOD9AV","pid":16204,"level":50,"msg":"Error Test","time":"2023-03-14T21:51:00.921Z","v":0}
{"name":"todoApp","hostname":"UTILISA-LJOD9AV","pid":16204,"level":50,"msg":"managed error","time":"2023-03-14T21:51:00.936Z","v":0}
{"name":"todoApp","hostname":"UTILISA-LJOD9AV","pid":16204,"level":50,"msg":"incorrect email format","time":"2023-03-14T21:51:00.974Z","v":0}
{"name":"todoApp","hostname":"UTILISA-LJOD9AV","pid":16204,"level":50,"msg":"todo not find","time":"2023-03-14T21:51:02.677Z","v":0}
{"name":"todoApp","hostname":"UTILISA-LJOD9AV","pid":16204,"level":50,"msg":"todo not find","time":"2023-03-14T21:51:03.738Z","v":0}
{"name":"todoApp","hostname":"UTILISA-LJOD9AV","pid":16204,"level":50,"msg":"title is mandatory","time":"2023-03-14T21:51:03.781Z","v":0}
{"name":"todoApp","hostname":"UTILISA-LJOD9AV","pid":16204,"level":50,"msg":"status is mandatory","time":"2023-03-14T21:51:03.820Z","v":0}
{"name":"todoApp","hostname":"UTILISA-LJOD9AV","pid":16204,"level":50,"msg":"title is mandatory","time":"2023-03-14T21:51:04.604Z","v":0}
{"name":"todoApp","hostname":"UTILISA-LJOD9AV","pid":16204,"level":50,"msg":"todo not find","time":"2023-03-14T21:51:05.501Z","v":0}
{"name":"todoApp","hostname":"UTILISA-LJOD9AV","pid":16204,"level":50,"msg":"todo not find","time":"2023-03-14T21:51:06.318Z","v":0}
{"name":"todoApp","hostname":"UTILISA-LJOD9AV","pid":16204,"level":50,"msg":"Error Test","time":"2023-03-14T21:51:51.265Z","v":0}
{"name":"todoApp","hostname":"UTILISA-LJOD9AV","pid":16204,"level":50,"msg":"managed error","time":"2023-03-14T21:51:51.290Z","v":0}
{"name":"todoApp","hostname":"UTILISA-LJOD9AV","pid":16204,"level":50,"msg":"incorrect email format","time":"2023-03-14T21:51:51.324Z","v":0}
{"name":"todoApp","hostname":"UTILISA-LJOD9AV","pid":16204,"level":50,"msg":"todo not find","time":"2023-03-14T21:51:52.169Z","v":0}
{"name":"todoApp","hostname":"UTILISA-LJOD9AV","pid":16204,"level":50,"msg":"title is mandatory","time":"2023-03-14T21:51:52.218Z","v":0}
{"name":"todoApp","hostname":"UTILISA-LJOD9AV","pid":16204,"level":50,"msg":"status is mandatory","time":"2023-03-14T21:51:52.269Z","v":0}
{"name":"todoApp","hostname":"UTILISA-LJOD9AV","pid":16204,"level":50,"msg":"todo not find","time":"2023-03-14T21:51:53.102Z","v":0}
{"name":"todoApp","hostname":"UTILISA-LJOD9AV","pid":16204,"level":50,"msg":"todo not find","time":"2023-03-14T21:51:53.981Z","v":0}
{"name":"todoApp","hostname":"UTILISA-LJOD9AV","pid":16204,"level":50,"msg":"title is mandatory","time":"2023-03-14T21:51:54.776Z","v":0}
{"name":"todoApp","hostname":"UTILISA-LJOD9AV","pid":16204,"level":50,"msg":"todo not find","time":"2023-03-14T21:51:56.989Z","v":0}
{"name":"todoApp","hostname":"UTILISA-LJOD9AV","pid":16204,"level":50,"msg":"Error Test","time":"2023-03-14T21:52:55.239Z","v":0}
{"name":"todoApp","hostname":"UTILISA-LJOD9AV","pid":16204,"level":50,"msg":"managed error","time":"2023-03-14T21:52:55.255Z","v":0}
{"name":"todoApp","hostname":"UTILISA-LJOD9AV","pid":16204,"level":50,"msg":"incorrect email format","time":"2023-03-14T21:52:55.286Z","v":0}
{"name":"todoApp","hostname":"UTILISA-LJOD9AV","pid":16204,"level":50,"msg":"todo not find","time":"2023-03-14T21:52:56.105Z","v":0}
{"name":"todoApp","hostname":"UTILISA-LJOD9AV","pid":16204,"level":50,"msg":"title is mandatory","time":"2023-03-14T21:52:56.148Z","v":0}
{"name":"todoApp","hostname":"UTILISA-LJOD9AV","pid":16204,"level":50,"msg":"status is mandatory","time":"2023-03-14T21:52:56.187Z","v":0}
{"name":"todoApp","hostname":"UTILISA-LJOD9AV","pid":16204,"level":50,"msg":"title is mandatory","time":"2023-03-14T21:52:57.085Z","v":0}
{"name":"todoApp","hostname":"UTILISA-LJOD9AV","pid":16204,"level":50,"msg":"todo not find","time":"2023-03-14T21:52:58.330Z","v":0}
{"name":"todoApp","hostname":"UTILISA-LJOD9AV","pid":16204,"level":50,"msg":"todo not find","time":"2023-03-14T21:52:59.092Z","v":0}
{"name":"todoApp","hostname":"UTILISA-LJOD9AV","pid":16204,"level":50,"msg":"todo not find","time":"2023-03-14T21:52:59.911Z","v":0}
{"name":"todoApp","hostname":"UTILISA-LJOD9AV","pid":16204,"level":50,"msg":"Error Test","time":"2023-03-14T21:53:08.167Z","v":0}
{"name":"todoApp","hostname":"UTILISA-LJOD9AV","pid":16204,"level":50,"msg":"managed error","time":"2023-03-14T21:53:08.180Z","v":0}
{"name":"todoApp","hostname":"UTILISA-LJOD9AV","pid":16204,"level":50,"msg":"incorrect email format","time":"2023-03-14T21:53:08.215Z","v":0}
{"name":"todoApp","hostname":"UTILISA-LJOD9AV","pid":16204,"level":50,"msg":"todo not find","time":"2023-03-14T21:53:09.088Z","v":0}
{"name":"todoApp","hostname":"UTILISA-LJOD9AV","pid":16204,"level":50,"msg":"title is mandatory","time":"2023-03-14T21:53:09.845Z","v":0}
{"name":"todoApp","hostname":"UTILISA-LJOD9AV","pid":16204,"level":50,"msg":"todo not find","time":"2023-03-14T21:53:10.669Z","v":0}
{"name":"todoApp","hostname":"UTILISA-LJOD9AV","pid":16204,"level":50,"msg":"title is mandatory","time":"2023-03-14T21:53:10.712Z","v":0}
{"name":"todoApp","hostname":"UTILISA-LJOD9AV","pid":16204,"level":50,"msg":"status is mandatory","time":"2023-03-14T21:53:10.756Z","v":0}
{"name":"todoApp","hostname":"UTILISA-LJOD9AV","pid":16204,"level":50,"msg":"todo not find","time":"2023-03-14T21:53:12.114Z","v":0}
{"name":"todoApp","hostname":"UTILISA-LJOD9AV","pid":16204,"level":50,"msg":"todo not find","time":"2023-03-14T21:53:13.515Z","v":0}
{"name":"todoApp","hostname":"UTILISA-LJOD9AV","pid":16204,"level":50,"msg":"Error Test","time":"2023-03-14T21:54:02.154Z","v":0}
{"name":"todoApp","hostname":"UTILISA-LJOD9AV","pid":16204,"level":50,"msg":"managed error","time":"2023-03-14T21:54:02.170Z","v":0}
{"name":"todoApp","hostname":"UTILISA-LJOD9AV","pid":16204,"level":50,"msg":"incorrect email format","time":"2023-03-14T21:54:02.198Z","v":0}
{"name":"todoApp","hostname":"UTILISA-LJOD9AV","pid":16204,"level":50,"msg":"todo not find","time":"2023-03-14T21:54:03.676Z","v":0}
{"name":"todoApp","hostname":"UTILISA-LJOD9AV","pid":16204,"level":50,"msg":"title is mandatory","time":"2023-03-14T21:54:03.718Z","v":0}
{"name":"todoApp","hostname":"UTILISA-LJOD9AV","pid":16204,"level":50,"msg":"status is mandatory","time":"2023-03-14T21:54:03.760Z","v":0}
{"name":"todoApp","hostname":"UTILISA-LJOD9AV","pid":16204,"level":50,"msg":"todo not find","time":"2023-03-14T21:54:04.562Z","v":0}
{"name":"todoApp","hostname":"UTILISA-LJOD9AV","pid":16204,"level":50,"msg":"title is mandatory","time":"2023-03-14T21:54:05.827Z","v":0}
{"name":"todoApp","hostname":"UTILISA-LJOD9AV","pid":16204,"level":50,"msg":"todo not find","time":"2023-03-14T21:54:07.392Z","v":0}
{"name":"todoApp","hostname":"UTILISA-LJOD9AV","pid":16204,"level":50,"msg":"todo not find","time":"2023-03-14T21:54:08.114Z","v":0}
{"name":"todoApp","hostname":"UTILISA-LJOD9AV","pid":16204,"level":50,"msg":"Error Test","time":"2023-03-14T21:54:17.653Z","v":0}
{"name":"todoApp","hostname":"UTILISA-LJOD9AV","pid":16204,"level":50,"msg":"managed error","time":"2023-03-14T21:54:17.667Z","v":0}
{"name":"todoApp","hostname":"UTILISA-LJOD9AV","pid":16204,"level":50,"msg":"incorrect email format","time":"2023-03-14T21:54:17.699Z","v":0}
{"name":"todoApp","hostname":"UTILISA-LJOD9AV","pid":16204,"level":50,"msg":"title is mandatory","time":"2023-03-14T21:54:18.517Z","v":0}
{"name":"todoApp","hostname":"UTILISA-LJOD9AV","pid":16204,"level":50,"msg":"todo not find","time":"2023-03-14T21:54:19.508Z","v":0}
{"name":"todoApp","hostname":"UTILISA-LJOD9AV","pid":16204,"level":50,"msg":"title is mandatory","time":"2023-03-14T21:54:19.552Z","v":0}
{"name":"todoApp","hostname":"UTILISA-LJOD9AV","pid":16204,"level":50,"msg":"status is mandatory","time":"2023-03-14T21:54:19.600Z","v":0}
{"name":"todoApp","hostname":"UTILISA-LJOD9AV","pid":16204,"level":50,"msg":"todo not find","time":"2023-03-14T21:54:20.397Z","v":0}
{"name":"todoApp","hostname":"UTILISA-LJOD9AV","pid":16204,"level":50,"msg":"todo not find","time":"2023-03-14T21:54:21.086Z","v":0}
{"name":"todoApp","hostname":"UTILISA-LJOD9AV","pid":16204,"level":50,"msg":"todo not find","time":"2023-03-14T21:54:23.451Z","v":0}
{"name":"todoApp","hostname":"UTILISA-LJOD9AV","pid":16204,"level":50,"msg":"Error Test","time":"2023-03-14T21:55:02.211Z","v":0}
{"name":"todoApp","hostname":"UTILISA-LJOD9AV","pid":16204,"level":50,"msg":"managed error","time":"2023-03-14T21:55:02.224Z","v":0}
{"name":"todoApp","hostname":"UTILISA-LJOD9AV","pid":16204,"level":50,"msg":"incorrect email format","time":"2023-03-14T21:55:02.259Z","v":0}
{"name":"todoApp","hostname":"UTILISA-LJOD9AV","pid":16204,"level":50,"msg":"todo not find","time":"2023-03-14T21:55:04.015Z","v":0}
{"name":"todoApp","hostname":"UTILISA-LJOD9AV","pid":16204,"level":50,"msg":"title is mandatory","time":"2023-03-14T21:55:04.061Z","v":0}
{"name":"todoApp","hostname":"UTILISA-LJOD9AV","pid":16204,"level":50,"msg":"status is mandatory","time":"2023-03-14T21:55:04.101Z","v":0}
{"name":"todoApp","hostname":"UTILISA-LJOD9AV","pid":16204,"level":50,"msg":"todo not find","time":"2023-03-14T21:55:04.846Z","v":0}
{"name":"todoApp","hostname":"UTILISA-LJOD9AV","pid":16204,"level":50,"msg":"title is mandatory","time":"2023-03-14T21:55:05.654Z","v":0}
{"name":"todoApp","hostname":"UTILISA-LJOD9AV","pid":16204,"level":50,"msg":"todo not find","time":"2023-03-14T21:55:07.155Z","v":0}
{"name":"todoApp","hostname":"UTILISA-LJOD9AV","pid":16204,"level":50,"msg":"todo not find","time":"2023-03-14T21:55:08.671Z","v":0}
{"name":"todoApp","hostname":"UTILISA-LJOD9AV","pid":16204,"level":50,"msg":"Error Test","time":"2023-03-14T22:05:12.470Z","v":0}
{"name":"todoApp","hostname":"UTILISA-LJOD9AV","pid":16204,"level":50,"msg":"managed error","time":"2023-03-14T22:05:12.482Z","v":0}
{"name":"todoApp","hostname":"UTILISA-LJOD9AV","pid":16204,"level":50,"msg":"incorrect email format","time":"2023-03-14T22:05:12.513Z","v":0}
{"name":"todoApp","hostname":"UTILISA-LJOD9AV","pid":16204,"level":50,"msg":"todo not find","time":"2023-03-14T22:05:13.411Z","v":0}
{"name":"todoApp","hostname":"UTILISA-LJOD9AV","pid":16204,"level":50,"msg":"todo not find","time":"2023-03-14T22:05:14.247Z","v":0}
{"name":"todoApp","hostname":"UTILISA-LJOD9AV","pid":16204,"level":50,"msg":"title is mandatory","time":"2023-03-14T22:05:14.296Z","v":0}
{"name":"todoApp","hostname":"UTILISA-LJOD9AV","pid":16204,"level":50,"msg":"status is mandatory","time":"2023-03-14T22:05:14.339Z","v":0}
{"name":"todoApp","hostname":"UTILISA-LJOD9AV","pid":16204,"level":50,"msg":"title is mandatory","time":"2023-03-14T22:05:15.124Z","v":0}
{"name":"todoApp","hostname":"UTILISA-LJOD9AV","pid":16204,"level":50,"msg":"todo not find","time":"2023-03-14T22:05:17.362Z","v":0}
{"name":"todoApp","hostname":"UTILISA-LJOD9AV","pid":16204,"level":50,"msg":"todo not find","time":"2023-03-14T22:05:18.210Z","v":0}
